2025-04-28 14:04:41.292 [INFO ] [main] [c.p.a.EmployeePayrollAppApplication] - Starting EmployeePayrollAppApplication using Java 22.0.1 with PID 44556 (/home/uday/Documents/Capgemini/employee-payroll-app/target/classes started by uday in /home/uday/Documents/Capgemini/employee-payroll-app) 
2025-04-28 14:04:41.302 [INFO ] [main] [c.p.a.EmployeePayrollAppApplication] - The following 1 profile is active: "dev" 
2025-04-28 14:04:44.081 [WARN ] [main] [o.s.b.w.s.c.AnnotationConfigServletWebServerApplicationContext] - Exception encountered during context initialization - cancelling refresh attempt: org.springframework.context.ApplicationContextException: Failed to start bean 'webServerStartStop' 
2025-04-28 14:04:44.117 [ERROR] [main] [o.s.b.d.LoggingFailureAnalysisReporter] - 

***************************
APPLICATION FAILED TO START
***************************

Description:

Web server failed to start. Port 8080 was already in use.

Action:

Identify and stop the process that's listening on port 8080 or configure this application to listen on another port.
 
2025-05-28 14:05:05.338 [INFO ] [main] [c.p.a.EmployeePayrollAppApplication] - Starting EmployeePayrollAppApplication using Java 22.0.1 with PID 46354 (/home/uday/Documents/Capgemini/employee-payroll-app/target/classes started by uday in /home/uday/Documents/Capgemini/employee-payroll-app) 
2025-05-28 14:05:05.340 [INFO ] [main] [c.p.a.EmployeePayrollAppApplication] - The following 1 profile is active: "dev" 
2025-05-28 14:05:07.141 [INFO ] [main] [c.p.a.EmployeePayrollAppApplication] - Started EmployeePayrollAppApplication in 2.718 seconds (process running for 3.532) 
2025-05-28 14:05:07.144 [INFO ] [main] [c.p.a.EmployeePayrollAppApplication] - Employee Payroll app started in DEV Environment 
2025-05-28 14:05:07.146 [INFO ] [main] [c.p.a.EmployeePayrollAppApplication] - Employee Payroll DB User is uday  
2025-06-28 14:06:51.905 [INFO ] [main] [c.p.a.EmployeePayrollAppApplication] - Starting EmployeePayrollAppApplication using Java 22.0.1 with PID 53130 (/home/uday/Documents/Capgemini/employee-payroll-app/target/classes started by uday in /home/uday/Documents/Capgemini/employee-payroll-app) 
2025-06-28 14:06:51.908 [INFO ] [main] [c.p.a.EmployeePayrollAppApplication] - The following 1 profile is active: "dev" 
2025-06-28 14:06:53.879 [INFO ] [main] [c.p.a.EmployeePayrollAppApplication] - Started EmployeePayrollAppApplication in 2.778 seconds (process running for 3.287) 
2025-06-28 14:06:53.884 [INFO ] [main] [c.p.a.EmployeePayrollAppApplication] - Employee Payroll app started in DEV Environment 
2025-06-28 14:06:53.886 [INFO ] [main] [c.p.a.EmployeePayrollAppApplication] - Employee Payroll DB User is uday  
2025-08-28 14:08:45.830 [INFO ] [main] [c.p.a.EmployeePayrollAppApplication] - Starting EmployeePayrollAppApplication using Java 22.0.1 with PID 60331 (/home/uday/Documents/Capgemini/employee-payroll-app/target/classes started by uday in /home/uday/Documents/Capgemini/employee-payroll-app) 
2025-08-28 14:08:45.838 [INFO ] [main] [c.p.a.EmployeePayrollAppApplication] - The following 1 profile is active: "dev" 
2025-08-28 14:08:47.851 [INFO ] [main] [c.p.a.EmployeePayrollAppApplication] - Started EmployeePayrollAppApplication in 3.211 seconds (process running for 3.818) 
2025-08-28 14:08:47.855 [INFO ] [main] [c.p.a.EmployeePayrollAppApplication] - Employee Payroll app started in DEV Environment 
2025-08-28 14:08:47.857 [INFO ] [main] [c.p.a.EmployeePayrollAppApplication] - Employee Payroll DB User is uday  
2025-08-28 14:08:51.013 [WARN ] [http-nio-8080-exec-2] [jakarta.persistence.spi] - jakarta.persistence.spi::No valid providers found. 
2025-08-28 14:08:51.143 [INFO ] [http-nio-8080-exec-2] [c.p.a.service.EmployeeService] - Employee added successfully. 
2025-08-28 14:08:51.147 [INFO ] [http-nio-8080-exec-2] [c.p.a.c.EmployeeController] - Employee added successfully. 
2025-10-28 14:10:52.900 [INFO ] [main] [c.p.a.EmployeePayrollAppApplication] - Starting EmployeePayrollAppApplication using Java 22.0.1 with PID 68457 (/home/uday/Documents/Capgemini/employee-payroll-app/target/classes started by uday in /home/uday/Documents/Capgemini/employee-payroll-app) 
2025-10-28 14:10:52.914 [INFO ] [main] [c.p.a.EmployeePayrollAppApplication] - The following 1 profile is active: "dev" 
2025-10-28 14:10:55.490 [INFO ] [main] [c.p.a.EmployeePayrollAppApplication] - Started EmployeePayrollAppApplication in 3.633 seconds (process running for 4.02) 
2025-10-28 14:10:55.495 [INFO ] [main] [c.p.a.EmployeePayrollAppApplication] - Employee Payroll app started in DEV Environment 
2025-10-28 14:10:55.497 [INFO ] [main] [c.p.a.EmployeePayrollAppApplication] - Employee Payroll DB User is uday  
2025-10-28 14:10:58.937 [WARN ] [http-nio-8080-exec-1] [jakarta.persistence.spi] - jakarta.persistence.spi::No valid providers found. 
2025-10-28 14:10:59.011 [INFO ] [http-nio-8080-exec-1] [c.p.a.service.EmployeeService] - Employee added successfully. 
2025-10-28 14:10:59.016 [INFO ] [http-nio-8080-exec-1] [c.p.a.c.EmployeeController] - Employee added successfully. 
2025-11-28 14:11:51.793 [INFO ] [main] [c.p.a.EmployeePayrollAppApplication] - Starting EmployeePayrollAppApplication using Java 22.0.1 with PID 72206 (/home/uday/Documents/Capgemini/employee-payroll-app/target/classes started by uday in /home/uday/Documents/Capgemini/employee-payroll-app) 
2025-11-28 14:11:51.797 [INFO ] [main] [c.p.a.EmployeePayrollAppApplication] - The following 1 profile is active: "dev" 
2025-11-28 14:11:53.448 [INFO ] [main] [c.p.a.EmployeePayrollAppApplication] - Started EmployeePayrollAppApplication in 2.724 seconds (process running for 3.397) 
2025-11-28 14:11:53.453 [INFO ] [main] [c.p.a.EmployeePayrollAppApplication] - Employee Payroll app started in DEV Environment 
2025-11-28 14:11:53.456 [INFO ] [main] [c.p.a.EmployeePayrollAppApplication] - Employee Payroll DB User is uday  
2025-12-28 14:12:16.211 [INFO ] [main] [c.p.a.EmployeePayrollAppApplication] - Starting EmployeePayrollAppApplication using Java 22.0.1 with PID 73835 (/home/uday/Documents/Capgemini/employee-payroll-app/target/classes started by uday in /home/uday/Documents/Capgemini/employee-payroll-app) 
2025-12-28 14:12:16.223 [INFO ] [main] [c.p.a.EmployeePayrollAppApplication] - The following 1 profile is active: "dev" 
2025-12-28 14:12:18.197 [INFO ] [main] [c.p.a.EmployeePayrollAppApplication] - Started EmployeePayrollAppApplication in 2.739 seconds (process running for 3.101) 
2025-12-28 14:12:18.200 [INFO ] [main] [c.p.a.EmployeePayrollAppApplication] - Employee Payroll app started in DEV Environment 
2025-12-28 14:12:18.203 [INFO ] [main] [c.p.a.EmployeePayrollAppApplication] - Employee Payroll DB User is uday  
2025-13-28 14:13:10.656 [INFO ] [main] [c.p.a.EmployeePayrollAppApplication] - Starting EmployeePayrollAppApplication using Java 22.0.1 with PID 77501 (/home/uday/Documents/Capgemini/employee-payroll-app/target/classes started by uday in /home/uday/Documents/Capgemini/employee-payroll-app) 
2025-13-28 14:13:10.658 [INFO ] [main] [c.p.a.EmployeePayrollAppApplication] - The following 1 profile is active: "dev" 
2025-13-28 14:13:12.981 [INFO ] [main] [c.p.a.EmployeePayrollAppApplication] - Started EmployeePayrollAppApplication in 3.204 seconds (process running for 3.821) 
2025-13-28 14:13:12.985 [INFO ] [main] [c.p.a.EmployeePayrollAppApplication] - Employee Payroll app started in DEV Environment 
2025-13-28 14:13:12.986 [INFO ] [main] [c.p.a.EmployeePayrollAppApplication] - Employee Payroll DB User is uday  
2025-13-28 14:13:13.355 [WARN ] [http-nio-8080-exec-1] [jakarta.persistence.spi] - jakarta.persistence.spi::No valid providers found. 
2025-13-28 14:13:13.404 [INFO ] [http-nio-8080-exec-1] [c.p.a.service.EmployeeService] - Employee added successfully. 
2025-13-28 14:13:13.408 [INFO ] [http-nio-8080-exec-1] [c.p.a.c.EmployeeController] - Employee added successfully. 
2025-13-28 14:13:43.602 [INFO ] [main] [c.p.a.EmployeePayrollAppApplication] - Starting EmployeePayrollAppApplication using Java 22.0.1 with PID 79631 (/home/uday/Documents/Capgemini/employee-payroll-app/target/classes started by uday in /home/uday/Documents/Capgemini/employee-payroll-app) 
2025-13-28 14:13:43.605 [INFO ] [main] [c.p.a.EmployeePayrollAppApplication] - The following 1 profile is active: "dev" 
2025-13-28 14:13:45.552 [INFO ] [main] [c.p.a.EmployeePayrollAppApplication] - Started EmployeePayrollAppApplication in 2.998 seconds (process running for 3.297) 
2025-13-28 14:13:45.556 [INFO ] [main] [c.p.a.EmployeePayrollAppApplication] - Employee Payroll app started in DEV Environment 
2025-13-28 14:13:45.558 [INFO ] [main] [c.p.a.EmployeePayrollAppApplication] - Employee Payroll DB User is uday  
2025-14-28 14:14:04.807 [WARN ] [http-nio-8080-exec-2] [jakarta.persistence.spi] - jakarta.persistence.spi::No valid providers found. 
2025-14-28 14:14:04.972 [INFO ] [http-nio-8080-exec-2] [c.p.a.service.EmployeeService] - Employee added successfully. 
2025-14-28 14:14:04.982 [INFO ] [http-nio-8080-exec-2] [c.p.a.c.EmployeeController] - Employee added successfully. 
2025-16-28 14:16:03.524 [INFO ] [main] [c.p.a.EmployeePayrollAppApplication] - Starting EmployeePayrollAppApplication using Java 22.0.1 with PID 89086 (/home/uday/Documents/Capgemini/employee-payroll-app/target/classes started by uday in /home/uday/Documents/Capgemini/employee-payroll-app) 
2025-16-28 14:16:03.527 [INFO ] [main] [c.p.a.EmployeePayrollAppApplication] - The following 1 profile is active: "dev" 
2025-16-28 14:16:06.928 [INFO ] [main] [c.p.a.EmployeePayrollAppApplication] - Started EmployeePayrollAppApplication in 4.543 seconds (process running for 4.959) 
2025-16-28 14:16:06.936 [INFO ] [main] [c.p.a.EmployeePayrollAppApplication] - Employee Payroll app started in DEV Environment 
2025-16-28 14:16:06.939 [INFO ] [main] [c.p.a.EmployeePayrollAppApplication] - Employee Payroll DB User is uday  
2025-16-28 14:16:07.579 [WARN ] [http-nio-8080-exec-1] [jakarta.persistence.spi] - jakarta.persistence.spi::No valid providers found. 
2025-16-28 14:16:07.662 [INFO ] [http-nio-8080-exec-1] [c.p.a.service.EmployeeService] - Employee added successfully. 
2025-16-28 14:16:07.665 [INFO ] [http-nio-8080-exec-1] [c.p.a.c.EmployeeController] - Employee added successfully. 
2025-16-28 14:16:48.142 [INFO ] [main] [c.p.a.EmployeePayrollAppApplication] - Starting EmployeePayrollAppApplication using Java 22.0.1 with PID 91881 (/home/uday/Documents/Capgemini/employee-payroll-app/target/classes started by uday in /home/uday/Documents/Capgemini/employee-payroll-app) 
2025-16-28 14:16:48.145 [INFO ] [main] [c.p.a.EmployeePayrollAppApplication] - The following 1 profile is active: "dev" 
2025-16-28 14:16:50.303 [INFO ] [main] [c.p.a.EmployeePayrollAppApplication] - Started EmployeePayrollAppApplication in 3.055 seconds (process running for 3.398) 
2025-16-28 14:16:50.307 [INFO ] [main] [c.p.a.EmployeePayrollAppApplication] - Employee Payroll app started in DEV Environment 
2025-16-28 14:16:50.311 [INFO ] [main] [c.p.a.EmployeePayrollAppApplication] - Employee Payroll DB User is uday  
2025-16-28 14:16:50.873 [WARN ] [http-nio-8080-exec-1] [jakarta.persistence.spi] - jakarta.persistence.spi::No valid providers found. 
2025-16-28 14:16:50.957 [INFO ] [http-nio-8080-exec-1] [c.p.a.service.EmployeeService] - Employee added successfully. 
2025-16-28 14:16:50.963 [INFO ] [http-nio-8080-exec-1] [c.p.a.c.EmployeeController] - Employee added successfully. 
